-- Install configuration: ""
-- Execute custom install script
-- Up-to-date symlink: /home/ali/the_final_boss/install/the_final_boss/lib/the_final_boss/robot_pose_calculator.py
-- Up-to-date symlink: /home/ali/the_final_boss/install/the_final_boss/share/the_final_boss//launch/ekf_only.launch.py
-- Up-to-date symlink: /home/ali/the_final_boss/install/the_final_boss/share/the_final_boss//launch/pose_calculator_only.launch.py
-- Up-to-date symlink: /home/ali/the_final_boss/install/the_final_boss/share/the_final_boss//launch/robot_description_only.launch.py
-- Up-to-date symlink: /home/ali/the_final_boss/install/the_final_boss/share/the_final_boss//launch/robot_display.launch.py
-- Up-to-date symlink: /home/ali/the_final_boss/install/the_final_boss/share/the_final_boss//launch/robot_localization.launch.py
-- Up-to-date symlink: /home/ali/the_final_boss/install/the_final_boss/share/the_final_boss//urdf/robot.urdf.xacro
-- Up-to-date symlink: /home/ali/the_final_boss/install/the_final_boss/share/the_final_boss//config/ekf.yaml
-- Up-to-date symlink: /home/ali/the_final_boss/install/the_final_boss/share/ament_index/resource_index/package_run_dependencies/the_final_boss
-- Up-to-date symlink: /home/ali/the_final_boss/install/the_final_boss/share/ament_index/resource_index/parent_prefix_path/the_final_boss
-- Up-to-date symlink: /home/ali/the_final_boss/install/the_final_boss/share/the_final_boss/environment/ament_prefix_path.sh
-- Up-to-date symlink: /home/ali/the_final_boss/install/the_final_boss/share/the_final_boss/environment/ament_prefix_path.dsv
-- Up-to-date symlink: /home/ali/the_final_boss/install/the_final_boss/share/the_final_boss/environment/path.sh
-- Up-to-date symlink: /home/ali/the_final_boss/install/the_final_boss/share/the_final_boss/environment/path.dsv
-- Up-to-date symlink: /home/ali/the_final_boss/install/the_final_boss/share/the_final_boss/local_setup.bash
-- Up-to-date symlink: /home/ali/the_final_boss/install/the_final_boss/share/the_final_boss/local_setup.sh
-- Up-to-date symlink: /home/ali/the_final_boss/install/the_final_boss/share/the_final_boss/local_setup.zsh
-- Up-to-date symlink: /home/ali/the_final_boss/install/the_final_boss/share/the_final_boss/local_setup.dsv
-- Symlinking: /home/ali/the_final_boss/install/the_final_boss/share/the_final_boss/package.dsv
-- Up-to-date symlink: /home/ali/the_final_boss/install/the_final_boss/share/ament_index/resource_index/packages/the_final_boss
-- Up-to-date symlink: /home/ali/the_final_boss/install/the_final_boss/share/the_final_boss/cmake/the_final_bossConfig.cmake
-- Up-to-date symlink: /home/ali/the_final_boss/install/the_final_boss/share/the_final_boss/cmake/the_final_bossConfig-version.cmake
-- Up-to-date symlink: /home/ali/the_final_boss/install/the_final_boss/share/the_final_boss/package.xml
