[0.166s] DEBUG:colcon:Command line arguments: ['/usr/bin/colcon', 'build', '--packages-select', 'the_final_boss']
[0.166s] DEBUG:colcon:Parsed command line arguments: Namespace(log_base=None, log_level=None, verb_name='build', build_base='build', install_base='install', merge_install=False, symlink_install=False, test_result_base=None, continue_on_error=False, executor='parallel', parallel_workers=12, event_handlers=None, ignore_user_meta=False, metas=['./colcon.meta'], base_paths=['.'], packages_ignore=None, packages_ignore_regex=None, paths=None, packages_up_to=None, packages_up_to_regex=None, packages_above=None, packages_above_and_dependencies=None, packages_above_depth=None, packages_select_by_dep=None, packages_skip_by_dep=None, packages_skip_up_to=None, packages_select_build_failed=False, packages_skip_build_finished=False, packages_select_test_failures=False, packages_skip_test_passed=False, packages_select=['the_final_boss'], packages_skip=None, packages_select_regex=None, packages_skip_regex=None, packages_start=None, packages_end=None, allow_overriding=[], cmake_args=None, cmake_target=None, cmake_target_skip_unavailable=False, cmake_clean_cache=False, cmake_clean_first=False, cmake_force_configure=False, ament_cmake_args=None, catkin_cmake_args=None, catkin_skip_building_tests=False, verb_parser=<colcon_defaults.argument_parser.defaults.DefaultArgumentsDecorator object at 0x7936ee3e4290>, verb_extension=<colcon_core.verb.build.BuildVerb object at 0x7936ee3e71a0>, main=<bound method BuildVerb.main of <colcon_core.verb.build.BuildVerb object at 0x7936ee3e71a0>>)
[0.207s] Level 1:colcon.colcon_core.package_discovery:discover_packages(colcon_meta) check parameters
[0.207s] Level 1:colcon.colcon_core.package_discovery:discover_packages(recursive) check parameters
[0.207s] Level 1:colcon.colcon_core.package_discovery:discover_packages(ignore) check parameters
[0.207s] Level 1:colcon.colcon_core.package_discovery:discover_packages(path) check parameters
[0.207s] Level 1:colcon.colcon_core.package_discovery:discover_packages(colcon_meta) discover
[0.207s] Level 1:colcon.colcon_core.package_discovery:discover_packages(recursive) discover
[0.207s] INFO:colcon.colcon_core.package_discovery:Crawling recursively for packages in '/home/ali/the_final_boss'
[0.207s] Level 1:colcon.colcon_core.package_identification:_identify(.) by extensions ['ignore', 'ignore_ament_install']
[0.207s] Level 1:colcon.colcon_core.package_identification:_identify(.) by extension 'ignore'
[0.207s] Level 1:colcon.colcon_core.package_identification:_identify(.) by extension 'ignore_ament_install'
[0.207s] Level 1:colcon.colcon_core.package_identification:_identify(.) by extensions ['colcon_pkg']
[0.207s] Level 1:colcon.colcon_core.package_identification:_identify(.) by extension 'colcon_pkg'
[0.207s] Level 1:colcon.colcon_core.package_identification:_identify(.) by extensions ['colcon_meta']
[0.207s] Level 1:colcon.colcon_core.package_identification:_identify(.) by extension 'colcon_meta'
[0.207s] Level 1:colcon.colcon_core.package_identification:_identify(.) by extensions ['ros']
[0.207s] Level 1:colcon.colcon_core.package_identification:_identify(.) by extension 'ros'
[0.235s] DEBUG:colcon.colcon_core.package_identification:Package '.' with type 'ros.ament_cmake' and name 'the_final_boss'
[0.235s] Level 1:colcon.colcon_core.package_discovery:discover_packages(recursive) using defaults
[0.235s] Level 1:colcon.colcon_core.package_discovery:discover_packages(ignore) discover
[0.235s] Level 1:colcon.colcon_core.package_discovery:discover_packages(ignore) using defaults
[0.235s] Level 1:colcon.colcon_core.package_discovery:discover_packages(path) discover
[0.235s] Level 1:colcon.colcon_core.package_discovery:discover_packages(path) using defaults
[0.252s] Level 1:colcon.colcon_core.package_discovery:discover_packages(prefix_path) check parameters
[0.252s] Level 1:colcon.colcon_core.package_discovery:discover_packages(prefix_path) discover
[0.254s] WARNING:colcon.colcon_ros.prefix_path.ament:The path '/home/ali/the_final_boss/install/imu_tag_fusion' in the environment variable AMENT_PREFIX_PATH doesn't exist
[0.254s] WARNING:colcon.colcon_ros.prefix_path.catkin:The path '/home/ali/the_final_boss/install/imu_tag_fusion' in the environment variable CMAKE_PREFIX_PATH doesn't exist
[0.255s] DEBUG:colcon.colcon_installed_package_information.package_discovery:Found 1 installed packages in /home/ali/the_final_boss/install
[0.257s] DEBUG:colcon.colcon_installed_package_information.package_discovery:Found 298 installed packages in /opt/ros/jazzy
[0.258s] Level 1:colcon.colcon_core.package_discovery:discover_packages(prefix_path) using defaults
[0.294s] Level 5:colcon.colcon_core.verb:set package 'the_final_boss' build argument 'cmake_args' from command line to 'None'
[0.295s] Level 5:colcon.colcon_core.verb:set package 'the_final_boss' build argument 'cmake_target' from command line to 'None'
[0.295s] Level 5:colcon.colcon_core.verb:set package 'the_final_boss' build argument 'cmake_target_skip_unavailable' from command line to 'False'
[0.295s] Level 5:colcon.colcon_core.verb:set package 'the_final_boss' build argument 'cmake_clean_cache' from command line to 'False'
[0.295s] Level 5:colcon.colcon_core.verb:set package 'the_final_boss' build argument 'cmake_clean_first' from command line to 'False'
[0.295s] Level 5:colcon.colcon_core.verb:set package 'the_final_boss' build argument 'cmake_force_configure' from command line to 'False'
[0.295s] Level 5:colcon.colcon_core.verb:set package 'the_final_boss' build argument 'ament_cmake_args' from command line to 'None'
[0.295s] Level 5:colcon.colcon_core.verb:set package 'the_final_boss' build argument 'catkin_cmake_args' from command line to 'None'
[0.295s] Level 5:colcon.colcon_core.verb:set package 'the_final_boss' build argument 'catkin_skip_building_tests' from command line to 'False'
[0.295s] DEBUG:colcon.colcon_core.verb:Building package 'the_final_boss' with the following arguments: {'ament_cmake_args': None, 'build_base': '/home/ali/the_final_boss/build/the_final_boss', 'catkin_cmake_args': None, 'catkin_skip_building_tests': False, 'cmake_args': None, 'cmake_clean_cache': False, 'cmake_clean_first': False, 'cmake_force_configure': False, 'cmake_target': None, 'cmake_target_skip_unavailable': False, 'install_base': '/home/ali/the_final_boss/install/the_final_boss', 'merge_install': False, 'path': '/home/ali/the_final_boss', 'symlink_install': False, 'test_result_base': None}
[0.295s] INFO:colcon.colcon_core.executor:Executing jobs using 'parallel' executor
[0.296s] DEBUG:colcon.colcon_parallel_executor.executor.parallel:run_until_complete
[0.296s] INFO:colcon.colcon_ros.task.ament_cmake.build:Building ROS package in '/home/ali/the_final_boss' with build type 'ament_cmake'
[0.296s] INFO:colcon.colcon_cmake.task.cmake.build:Building CMake package in '/home/ali/the_final_boss'
[0.301s] INFO:colcon.colcon_core.plugin_system:Skipping extension 'colcon_core.shell.bat': Not used on non-Windows systems
[0.301s] INFO:colcon.colcon_core.shell:Skip shell extension 'powershell' for command environment: Not usable outside of PowerShell
[0.301s] DEBUG:colcon.colcon_core.shell:Skip shell extension 'dsv' for command environment
[0.308s] DEBUG:colcon.colcon_core.event_handler.log_command:Invoking command in '/home/ali/the_final_boss/build/the_final_boss': CMAKE_PREFIX_PATH=${CMAKE_PREFIX_PATH}:/opt/ros/jazzy DEBUGINFOD_URLS=https://debuginfod.ubuntu.com /usr/bin/cmake --build /home/ali/the_final_boss/build/the_final_boss -- -j12 -l12
[0.355s] DEBUG:colcon.colcon_core.event_handler.log_command:Invoked command in '/home/ali/the_final_boss/build/the_final_boss' returned '0': CMAKE_PREFIX_PATH=${CMAKE_PREFIX_PATH}:/opt/ros/jazzy DEBUGINFOD_URLS=https://debuginfod.ubuntu.com /usr/bin/cmake --build /home/ali/the_final_boss/build/the_final_boss -- -j12 -l12
[0.367s] DEBUG:colcon.colcon_core.event_handler.log_command:Invoking command in '/home/ali/the_final_boss/build/the_final_boss': CMAKE_PREFIX_PATH=${CMAKE_PREFIX_PATH}:/opt/ros/jazzy DEBUGINFOD_URLS=https://debuginfod.ubuntu.com /usr/bin/cmake --install /home/ali/the_final_boss/build/the_final_boss
[0.391s] Level 1:colcon.colcon_core.environment:create_environment_scripts_only(the_final_boss)
[0.392s] DEBUG:colcon.colcon_core.event_handler.log_command:Invoked command in '/home/ali/the_final_boss/build/the_final_boss' returned '0': CMAKE_PREFIX_PATH=${CMAKE_PREFIX_PATH}:/opt/ros/jazzy DEBUGINFOD_URLS=https://debuginfod.ubuntu.com /usr/bin/cmake --install /home/ali/the_final_boss/build/the_final_boss
[0.396s] Level 1:colcon.colcon_core.environment:checking '/home/ali/the_final_boss/install/the_final_boss' for CMake module files
[0.397s] Level 1:colcon.colcon_core.environment:checking '/home/ali/the_final_boss/install/the_final_boss' for CMake config files
[0.397s] Level 1:colcon.colcon_core.shell:create_environment_hook('the_final_boss', 'cmake_prefix_path')
[0.397s] INFO:colcon.colcon_core.shell:Creating environment hook '/home/ali/the_final_boss/install/the_final_boss/share/the_final_boss/hook/cmake_prefix_path.ps1'
[0.398s] INFO:colcon.colcon_core.shell:Creating environment descriptor '/home/ali/the_final_boss/install/the_final_boss/share/the_final_boss/hook/cmake_prefix_path.dsv'
[0.398s] INFO:colcon.colcon_core.shell:Creating environment hook '/home/ali/the_final_boss/install/the_final_boss/share/the_final_boss/hook/cmake_prefix_path.sh'
[0.399s] Level 1:colcon.colcon_core.environment:checking '/home/ali/the_final_boss/install/the_final_boss/lib'
[0.399s] Level 1:colcon.colcon_core.environment:checking '/home/ali/the_final_boss/install/the_final_boss/bin'
[0.399s] Level 1:colcon.colcon_core.environment:checking '/home/ali/the_final_boss/install/the_final_boss/lib/pkgconfig/the_final_boss.pc'
[0.399s] Level 1:colcon.colcon_core.environment:checking '/home/ali/the_final_boss/install/the_final_boss/lib/python3.12/site-packages'
[0.399s] Level 1:colcon.colcon_core.environment:checking '/home/ali/the_final_boss/install/the_final_boss/bin'
[0.399s] INFO:colcon.colcon_core.shell:Creating package script '/home/ali/the_final_boss/install/the_final_boss/share/the_final_boss/package.ps1'
[0.400s] INFO:colcon.colcon_core.shell:Creating package descriptor '/home/ali/the_final_boss/install/the_final_boss/share/the_final_boss/package.dsv'
[0.400s] INFO:colcon.colcon_core.shell:Creating package script '/home/ali/the_final_boss/install/the_final_boss/share/the_final_boss/package.sh'
[0.401s] INFO:colcon.colcon_core.shell:Creating package script '/home/ali/the_final_boss/install/the_final_boss/share/the_final_boss/package.bash'
[0.401s] INFO:colcon.colcon_core.shell:Creating package script '/home/ali/the_final_boss/install/the_final_boss/share/the_final_boss/package.zsh'
[0.402s] Level 1:colcon.colcon_core.environment:create_file_with_runtime_dependencies(/home/ali/the_final_boss/install/the_final_boss/share/colcon-core/packages/the_final_boss)
[0.402s] Level 1:colcon.colcon_core.environment:create_environment_scripts_only(the_final_boss)
[0.403s] Level 1:colcon.colcon_core.environment:checking '/home/ali/the_final_boss/install/the_final_boss' for CMake module files
[0.403s] Level 1:colcon.colcon_core.environment:checking '/home/ali/the_final_boss/install/the_final_boss' for CMake config files
[0.403s] Level 1:colcon.colcon_core.shell:create_environment_hook('the_final_boss', 'cmake_prefix_path')
[0.403s] INFO:colcon.colcon_core.shell:Creating environment hook '/home/ali/the_final_boss/install/the_final_boss/share/the_final_boss/hook/cmake_prefix_path.ps1'
[0.404s] INFO:colcon.colcon_core.shell:Creating environment descriptor '/home/ali/the_final_boss/install/the_final_boss/share/the_final_boss/hook/cmake_prefix_path.dsv'
[0.404s] INFO:colcon.colcon_core.shell:Creating environment hook '/home/ali/the_final_boss/install/the_final_boss/share/the_final_boss/hook/cmake_prefix_path.sh'
[0.404s] Level 1:colcon.colcon_core.environment:checking '/home/ali/the_final_boss/install/the_final_boss/lib'
[0.404s] Level 1:colcon.colcon_core.environment:checking '/home/ali/the_final_boss/install/the_final_boss/bin'
[0.404s] Level 1:colcon.colcon_core.environment:checking '/home/ali/the_final_boss/install/the_final_boss/lib/pkgconfig/the_final_boss.pc'
[0.405s] Level 1:colcon.colcon_core.environment:checking '/home/ali/the_final_boss/install/the_final_boss/lib/python3.12/site-packages'
[0.405s] Level 1:colcon.colcon_core.environment:checking '/home/ali/the_final_boss/install/the_final_boss/bin'
[0.405s] INFO:colcon.colcon_core.shell:Creating package script '/home/ali/the_final_boss/install/the_final_boss/share/the_final_boss/package.ps1'
[0.405s] INFO:colcon.colcon_core.shell:Creating package descriptor '/home/ali/the_final_boss/install/the_final_boss/share/the_final_boss/package.dsv'
[0.406s] INFO:colcon.colcon_core.shell:Creating package script '/home/ali/the_final_boss/install/the_final_boss/share/the_final_boss/package.sh'
[0.406s] INFO:colcon.colcon_core.shell:Creating package script '/home/ali/the_final_boss/install/the_final_boss/share/the_final_boss/package.bash'
[0.406s] INFO:colcon.colcon_core.shell:Creating package script '/home/ali/the_final_boss/install/the_final_boss/share/the_final_boss/package.zsh'
[0.407s] Level 1:colcon.colcon_core.environment:create_file_with_runtime_dependencies(/home/ali/the_final_boss/install/the_final_boss/share/colcon-core/packages/the_final_boss)
[0.407s] DEBUG:colcon.colcon_parallel_executor.executor.parallel:closing loop
[0.407s] DEBUG:colcon.colcon_parallel_executor.executor.parallel:loop closed
[0.407s] DEBUG:colcon.colcon_parallel_executor.executor.parallel:run_until_complete finished with '0'
[0.407s] DEBUG:colcon.colcon_core.event_reactor:joining thread
[0.413s] INFO:colcon.colcon_core.plugin_system:Skipping extension 'colcon_notification.desktop_notification.terminal_notifier': Not used on non-Darwin systems
[0.413s] INFO:colcon.colcon_core.plugin_system:Skipping extension 'colcon_notification.desktop_notification.win32': Not used on non-Windows systems
[0.414s] INFO:colcon.colcon_notification.desktop_notification:Sending desktop notification using 'notify2'
[0.424s] DEBUG:colcon.colcon_core.event_reactor:joined thread
[0.424s] INFO:colcon.colcon_core.shell:Creating prefix script '/home/ali/the_final_boss/install/local_setup.ps1'
[0.426s] INFO:colcon.colcon_core.shell:Creating prefix util module '/home/ali/the_final_boss/install/_local_setup_util_ps1.py'
[0.426s] INFO:colcon.colcon_core.shell:Creating prefix chain script '/home/ali/the_final_boss/install/setup.ps1'
[0.427s] INFO:colcon.colcon_core.shell:Creating prefix script '/home/ali/the_final_boss/install/local_setup.sh'
[0.428s] INFO:colcon.colcon_core.shell:Creating prefix util module '/home/ali/the_final_boss/install/_local_setup_util_sh.py'
[0.428s] INFO:colcon.colcon_core.shell:Creating prefix chain script '/home/ali/the_final_boss/install/setup.sh'
[0.429s] INFO:colcon.colcon_core.shell:Creating prefix script '/home/ali/the_final_boss/install/local_setup.bash'
[0.429s] INFO:colcon.colcon_core.shell:Creating prefix chain script '/home/ali/the_final_boss/install/setup.bash'
[0.430s] INFO:colcon.colcon_core.shell:Creating prefix script '/home/ali/the_final_boss/install/local_setup.zsh'
[0.430s] INFO:colcon.colcon_core.shell:Creating prefix chain script '/home/ali/the_final_boss/install/setup.zsh'
