[0.158s] DEBUG:colcon:Command line arguments: ['/usr/bin/colcon', 'build', '--packages-select', 'the_final_boss']
[0.158s] DEBUG:colcon:Parsed command line arguments: Namespace(log_base=None, log_level=None, verb_name='build', build_base='build', install_base='install', merge_install=False, symlink_install=False, test_result_base=None, continue_on_error=False, executor='parallel', parallel_workers=12, event_handlers=None, ignore_user_meta=False, metas=['./colcon.meta'], base_paths=['.'], packages_ignore=None, packages_ignore_regex=None, paths=None, packages_up_to=None, packages_up_to_regex=None, packages_above=None, packages_above_and_dependencies=None, packages_above_depth=None, packages_select_by_dep=None, packages_skip_by_dep=None, packages_skip_up_to=None, packages_select_build_failed=False, packages_skip_build_finished=False, packages_select_test_failures=False, packages_skip_test_passed=False, packages_select=['the_final_boss'], packages_skip=None, packages_select_regex=None, packages_skip_regex=None, packages_start=None, packages_end=None, allow_overriding=[], cmake_args=None, cmake_target=None, cmake_target_skip_unavailable=False, cmake_clean_cache=False, cmake_clean_first=False, cmake_force_configure=False, ament_cmake_args=None, catkin_cmake_args=None, catkin_skip_building_tests=False, verb_parser=<colcon_defaults.argument_parser.defaults.DefaultArgumentsDecorator object at 0x797bb6fe8080>, verb_extension=<colcon_core.verb.build.BuildVerb object at 0x797bb76c1c10>, main=<bound method BuildVerb.main of <colcon_core.verb.build.BuildVerb object at 0x797bb76c1c10>>)
[0.196s] Level 1:colcon.colcon_core.package_discovery:discover_packages(colcon_meta) check parameters
[0.196s] Level 1:colcon.colcon_core.package_discovery:discover_packages(recursive) check parameters
[0.196s] Level 1:colcon.colcon_core.package_discovery:discover_packages(ignore) check parameters
[0.196s] Level 1:colcon.colcon_core.package_discovery:discover_packages(path) check parameters
[0.196s] Level 1:colcon.colcon_core.package_discovery:discover_packages(colcon_meta) discover
[0.196s] Level 1:colcon.colcon_core.package_discovery:discover_packages(recursive) discover
[0.196s] INFO:colcon.colcon_core.package_discovery:Crawling recursively for packages in '/home/ali/the_final_boss'
[0.196s] Level 1:colcon.colcon_core.package_identification:_identify(.) by extensions ['ignore', 'ignore_ament_install']
[0.197s] Level 1:colcon.colcon_core.package_identification:_identify(.) by extension 'ignore'
[0.197s] Level 1:colcon.colcon_core.package_identification:_identify(.) by extension 'ignore_ament_install'
[0.197s] Level 1:colcon.colcon_core.package_identification:_identify(.) by extensions ['colcon_pkg']
[0.197s] Level 1:colcon.colcon_core.package_identification:_identify(.) by extension 'colcon_pkg'
[0.197s] Level 1:colcon.colcon_core.package_identification:_identify(.) by extensions ['colcon_meta']
[0.197s] Level 1:colcon.colcon_core.package_identification:_identify(.) by extension 'colcon_meta'
[0.197s] Level 1:colcon.colcon_core.package_identification:_identify(.) by extensions ['ros']
[0.197s] Level 1:colcon.colcon_core.package_identification:_identify(.) by extension 'ros'
[0.224s] DEBUG:colcon.colcon_core.package_identification:Package '.' with type 'ros.ament_cmake' and name 'the_final_boss'
[0.224s] Level 1:colcon.colcon_core.package_discovery:discover_packages(recursive) using defaults
[0.224s] Level 1:colcon.colcon_core.package_discovery:discover_packages(ignore) discover
[0.224s] Level 1:colcon.colcon_core.package_discovery:discover_packages(ignore) using defaults
[0.224s] Level 1:colcon.colcon_core.package_discovery:discover_packages(path) discover
[0.224s] Level 1:colcon.colcon_core.package_discovery:discover_packages(path) using defaults
[0.240s] Level 1:colcon.colcon_core.package_discovery:discover_packages(prefix_path) check parameters
[0.240s] Level 1:colcon.colcon_core.package_discovery:discover_packages(prefix_path) discover
[0.242s] WARNING:colcon.colcon_core.prefix_path.colcon:The path '/home/ali/the_final_boss/src/imu_tag_fusion/urdf/install' in the environment variable COLCON_PREFIX_PATH doesn't exist
[0.242s] WARNING:colcon.colcon_core.prefix_path.colcon:The path '/home/ali/the_final_boss/src/imu_tag_fusion/install' in the environment variable COLCON_PREFIX_PATH doesn't exist
[0.242s] WARNING:colcon.colcon_ros.prefix_path.ament:The path '/home/ali/the_final_boss/src/imu_tag_fusion/install/imu_tag_fusion' in the environment variable AMENT_PREFIX_PATH doesn't exist
[0.242s] WARNING:colcon.colcon_ros.prefix_path.ament:The path '/home/ali/the_final_boss/install/imu_tag_fusion' in the environment variable AMENT_PREFIX_PATH doesn't exist
[0.242s] WARNING:colcon.colcon_ros.prefix_path.catkin:The path '/home/ali/the_final_boss/src/imu_tag_fusion/install/imu_tag_fusion' in the environment variable CMAKE_PREFIX_PATH doesn't exist
[0.242s] WARNING:colcon.colcon_ros.prefix_path.catkin:The path '/home/ali/the_final_boss/install/imu_tag_fusion' in the environment variable CMAKE_PREFIX_PATH doesn't exist
[0.243s] DEBUG:colcon.colcon_installed_package_information.package_discovery:Found 1 installed packages in /home/ali/the_final_boss/install
[0.244s] DEBUG:colcon.colcon_installed_package_information.package_discovery:Found 298 installed packages in /opt/ros/jazzy
[0.245s] Level 1:colcon.colcon_core.package_discovery:discover_packages(prefix_path) using defaults
[0.282s] Level 5:colcon.colcon_core.verb:set package 'the_final_boss' build argument 'cmake_args' from command line to 'None'
[0.282s] Level 5:colcon.colcon_core.verb:set package 'the_final_boss' build argument 'cmake_target' from command line to 'None'
[0.282s] Level 5:colcon.colcon_core.verb:set package 'the_final_boss' build argument 'cmake_target_skip_unavailable' from command line to 'False'
[0.282s] Level 5:colcon.colcon_core.verb:set package 'the_final_boss' build argument 'cmake_clean_cache' from command line to 'False'
[0.282s] Level 5:colcon.colcon_core.verb:set package 'the_final_boss' build argument 'cmake_clean_first' from command line to 'False'
[0.282s] Level 5:colcon.colcon_core.verb:set package 'the_final_boss' build argument 'cmake_force_configure' from command line to 'False'
[0.282s] Level 5:colcon.colcon_core.verb:set package 'the_final_boss' build argument 'ament_cmake_args' from command line to 'None'
[0.282s] Level 5:colcon.colcon_core.verb:set package 'the_final_boss' build argument 'catkin_cmake_args' from command line to 'None'
[0.282s] Level 5:colcon.colcon_core.verb:set package 'the_final_boss' build argument 'catkin_skip_building_tests' from command line to 'False'
[0.283s] DEBUG:colcon.colcon_core.verb:Building package 'the_final_boss' with the following arguments: {'ament_cmake_args': None, 'build_base': '/home/ali/the_final_boss/build/the_final_boss', 'catkin_cmake_args': None, 'catkin_skip_building_tests': False, 'cmake_args': None, 'cmake_clean_cache': False, 'cmake_clean_first': False, 'cmake_force_configure': False, 'cmake_target': None, 'cmake_target_skip_unavailable': False, 'install_base': '/home/ali/the_final_boss/install/the_final_boss', 'merge_install': False, 'path': '/home/ali/the_final_boss', 'symlink_install': False, 'test_result_base': None}
[0.283s] INFO:colcon.colcon_core.executor:Executing jobs using 'parallel' executor
[0.283s] DEBUG:colcon.colcon_parallel_executor.executor.parallel:run_until_complete
[0.284s] INFO:colcon.colcon_ros.task.ament_cmake.build:Building ROS package in '/home/ali/the_final_boss' with build type 'ament_cmake'
[0.284s] INFO:colcon.colcon_cmake.task.cmake.build:Building CMake package in '/home/ali/the_final_boss'
[0.288s] INFO:colcon.colcon_core.plugin_system:Skipping extension 'colcon_core.shell.bat': Not used on non-Windows systems
[0.288s] INFO:colcon.colcon_core.shell:Skip shell extension 'powershell' for command environment: Not usable outside of PowerShell
[0.288s] DEBUG:colcon.colcon_core.shell:Skip shell extension 'dsv' for command environment
[0.296s] DEBUG:colcon.colcon_core.event_handler.log_command:Invoking command in '/home/ali/the_final_boss/build/the_final_boss': CMAKE_PREFIX_PATH=${CMAKE_PREFIX_PATH}:/opt/ros/jazzy DEBUGINFOD_URLS=https://debuginfod.ubuntu.com /usr/bin/cmake /home/ali/the_final_boss -DCMAKE_INSTALL_PREFIX=/home/ali/the_final_boss/install/the_final_boss
[1.065s] DEBUG:colcon.colcon_core.event_handler.log_command:Invoked command in '/home/ali/the_final_boss/build/the_final_boss' returned '0': CMAKE_PREFIX_PATH=${CMAKE_PREFIX_PATH}:/opt/ros/jazzy DEBUGINFOD_URLS=https://debuginfod.ubuntu.com /usr/bin/cmake /home/ali/the_final_boss -DCMAKE_INSTALL_PREFIX=/home/ali/the_final_boss/install/the_final_boss
[1.066s] DEBUG:colcon.colcon_core.event_handler.log_command:Invoking command in '/home/ali/the_final_boss/build/the_final_boss': CMAKE_PREFIX_PATH=${CMAKE_PREFIX_PATH}:/opt/ros/jazzy DEBUGINFOD_URLS=https://debuginfod.ubuntu.com /usr/bin/cmake --build /home/ali/the_final_boss/build/the_final_boss -- -j12 -l12
[1.106s] DEBUG:colcon.colcon_core.event_handler.log_command:Invoked command in '/home/ali/the_final_boss/build/the_final_boss' returned '0': CMAKE_PREFIX_PATH=${CMAKE_PREFIX_PATH}:/opt/ros/jazzy DEBUGINFOD_URLS=https://debuginfod.ubuntu.com /usr/bin/cmake --build /home/ali/the_final_boss/build/the_final_boss -- -j12 -l12
[1.116s] DEBUG:colcon.colcon_core.event_handler.log_command:Invoking command in '/home/ali/the_final_boss/build/the_final_boss': CMAKE_PREFIX_PATH=${CMAKE_PREFIX_PATH}:/opt/ros/jazzy DEBUGINFOD_URLS=https://debuginfod.ubuntu.com /usr/bin/cmake --install /home/ali/the_final_boss/build/the_final_boss
[1.137s] Level 1:colcon.colcon_core.environment:create_environment_scripts_only(the_final_boss)
[1.137s] DEBUG:colcon.colcon_core.event_handler.log_command:Invoked command in '/home/ali/the_final_boss/build/the_final_boss' returned '0': CMAKE_PREFIX_PATH=${CMAKE_PREFIX_PATH}:/opt/ros/jazzy DEBUGINFOD_URLS=https://debuginfod.ubuntu.com /usr/bin/cmake --install /home/ali/the_final_boss/build/the_final_boss
[1.142s] Level 1:colcon.colcon_core.environment:checking '/home/ali/the_final_boss/install/the_final_boss' for CMake module files
[1.142s] Level 1:colcon.colcon_core.environment:checking '/home/ali/the_final_boss/install/the_final_boss' for CMake config files
[1.143s] Level 1:colcon.colcon_core.shell:create_environment_hook('the_final_boss', 'cmake_prefix_path')
[1.143s] INFO:colcon.colcon_core.shell:Creating environment hook '/home/ali/the_final_boss/install/the_final_boss/share/the_final_boss/hook/cmake_prefix_path.ps1'
[1.144s] INFO:colcon.colcon_core.shell:Creating environment descriptor '/home/ali/the_final_boss/install/the_final_boss/share/the_final_boss/hook/cmake_prefix_path.dsv'
[1.144s] INFO:colcon.colcon_core.shell:Creating environment hook '/home/ali/the_final_boss/install/the_final_boss/share/the_final_boss/hook/cmake_prefix_path.sh'
[1.145s] Level 1:colcon.colcon_core.environment:checking '/home/ali/the_final_boss/install/the_final_boss/lib'
[1.145s] Level 1:colcon.colcon_core.environment:checking '/home/ali/the_final_boss/install/the_final_boss/bin'
[1.145s] Level 1:colcon.colcon_core.environment:checking '/home/ali/the_final_boss/install/the_final_boss/lib/pkgconfig/the_final_boss.pc'
[1.145s] Level 1:colcon.colcon_core.environment:checking '/home/ali/the_final_boss/install/the_final_boss/lib/python3.12/site-packages'
[1.146s] Level 1:colcon.colcon_core.environment:checking '/home/ali/the_final_boss/install/the_final_boss/bin'
[1.146s] INFO:colcon.colcon_core.shell:Creating package script '/home/ali/the_final_boss/install/the_final_boss/share/the_final_boss/package.ps1'
[1.146s] INFO:colcon.colcon_core.shell:Creating package descriptor '/home/ali/the_final_boss/install/the_final_boss/share/the_final_boss/package.dsv'
[1.147s] INFO:colcon.colcon_core.shell:Creating package script '/home/ali/the_final_boss/install/the_final_boss/share/the_final_boss/package.sh'
[1.147s] INFO:colcon.colcon_core.shell:Creating package script '/home/ali/the_final_boss/install/the_final_boss/share/the_final_boss/package.bash'
[1.148s] INFO:colcon.colcon_core.shell:Creating package script '/home/ali/the_final_boss/install/the_final_boss/share/the_final_boss/package.zsh'
[1.148s] Level 1:colcon.colcon_core.environment:create_file_with_runtime_dependencies(/home/ali/the_final_boss/install/the_final_boss/share/colcon-core/packages/the_final_boss)
[1.149s] Level 1:colcon.colcon_core.environment:create_environment_scripts_only(the_final_boss)
[1.149s] Level 1:colcon.colcon_core.environment:checking '/home/ali/the_final_boss/install/the_final_boss' for CMake module files
[1.149s] Level 1:colcon.colcon_core.environment:checking '/home/ali/the_final_boss/install/the_final_boss' for CMake config files
[1.149s] Level 1:colcon.colcon_core.shell:create_environment_hook('the_final_boss', 'cmake_prefix_path')
[1.150s] INFO:colcon.colcon_core.shell:Creating environment hook '/home/ali/the_final_boss/install/the_final_boss/share/the_final_boss/hook/cmake_prefix_path.ps1'
[1.150s] INFO:colcon.colcon_core.shell:Creating environment descriptor '/home/ali/the_final_boss/install/the_final_boss/share/the_final_boss/hook/cmake_prefix_path.dsv'
[1.150s] INFO:colcon.colcon_core.shell:Creating environment hook '/home/ali/the_final_boss/install/the_final_boss/share/the_final_boss/hook/cmake_prefix_path.sh'
[1.151s] Level 1:colcon.colcon_core.environment:checking '/home/ali/the_final_boss/install/the_final_boss/lib'
[1.151s] Level 1:colcon.colcon_core.environment:checking '/home/ali/the_final_boss/install/the_final_boss/bin'
[1.151s] Level 1:colcon.colcon_core.environment:checking '/home/ali/the_final_boss/install/the_final_boss/lib/pkgconfig/the_final_boss.pc'
[1.151s] Level 1:colcon.colcon_core.environment:checking '/home/ali/the_final_boss/install/the_final_boss/lib/python3.12/site-packages'
[1.151s] Level 1:colcon.colcon_core.environment:checking '/home/ali/the_final_boss/install/the_final_boss/bin'
[1.151s] INFO:colcon.colcon_core.shell:Creating package script '/home/ali/the_final_boss/install/the_final_boss/share/the_final_boss/package.ps1'
[1.151s] INFO:colcon.colcon_core.shell:Creating package descriptor '/home/ali/the_final_boss/install/the_final_boss/share/the_final_boss/package.dsv'
[1.152s] INFO:colcon.colcon_core.shell:Creating package script '/home/ali/the_final_boss/install/the_final_boss/share/the_final_boss/package.sh'
[1.152s] INFO:colcon.colcon_core.shell:Creating package script '/home/ali/the_final_boss/install/the_final_boss/share/the_final_boss/package.bash'
[1.153s] INFO:colcon.colcon_core.shell:Creating package script '/home/ali/the_final_boss/install/the_final_boss/share/the_final_boss/package.zsh'
[1.153s] Level 1:colcon.colcon_core.environment:create_file_with_runtime_dependencies(/home/ali/the_final_boss/install/the_final_boss/share/colcon-core/packages/the_final_boss)
[1.153s] DEBUG:colcon.colcon_parallel_executor.executor.parallel:closing loop
[1.154s] DEBUG:colcon.colcon_parallel_executor.executor.parallel:loop closed
[1.154s] DEBUG:colcon.colcon_parallel_executor.executor.parallel:run_until_complete finished with '0'
[1.154s] DEBUG:colcon.colcon_core.event_reactor:joining thread
[1.160s] INFO:colcon.colcon_core.plugin_system:Skipping extension 'colcon_notification.desktop_notification.terminal_notifier': Not used on non-Darwin systems
[1.160s] INFO:colcon.colcon_core.plugin_system:Skipping extension 'colcon_notification.desktop_notification.win32': Not used on non-Windows systems
[1.160s] INFO:colcon.colcon_notification.desktop_notification:Sending desktop notification using 'notify2'
[1.172s] DEBUG:colcon.colcon_core.event_reactor:joined thread
[1.172s] INFO:colcon.colcon_core.shell:Creating prefix script '/home/ali/the_final_boss/install/local_setup.ps1'
[1.173s] INFO:colcon.colcon_core.shell:Creating prefix util module '/home/ali/the_final_boss/install/_local_setup_util_ps1.py'
[1.174s] INFO:colcon.colcon_core.shell:Creating prefix chain script '/home/ali/the_final_boss/install/setup.ps1'
[1.175s] INFO:colcon.colcon_core.shell:Creating prefix script '/home/ali/the_final_boss/install/local_setup.sh'
[1.175s] INFO:colcon.colcon_core.shell:Creating prefix util module '/home/ali/the_final_boss/install/_local_setup_util_sh.py'
[1.176s] INFO:colcon.colcon_core.shell:Creating prefix chain script '/home/ali/the_final_boss/install/setup.sh'
[1.176s] INFO:colcon.colcon_core.shell:Creating prefix script '/home/ali/the_final_boss/install/local_setup.bash'
[1.177s] INFO:colcon.colcon_core.shell:Creating prefix chain script '/home/ali/the_final_boss/install/setup.bash'
[1.177s] INFO:colcon.colcon_core.shell:Creating prefix script '/home/ali/the_final_boss/install/local_setup.zsh'
[1.178s] INFO:colcon.colcon_core.shell:Creating prefix chain script '/home/ali/the_final_boss/install/setup.zsh'
