[0.011s] Invoking command in '/home/ali/the_final_boss/build/the_final_boss': CMAKE_PREFIX_PATH=${CMAKE_PREFIX_PATH}:/opt/ros/jazzy DEBUGINFOD_URLS=https://debuginfod.ubuntu.com /usr/bin/cmake /home/ali/the_final_boss -DAMENT_CMAKE_SYMLINK_INSTALL=1 -DCMAKE_INSTALL_PREFIX=/home/ali/the_final_boss/install/the_final_boss
[0.059s] -- The C compiler identification is GNU 13.3.0
[0.107s] -- The CXX compiler identification is GNU 13.3.0
[0.120s] -- Detecting C compiler ABI info
[0.198s] -- Detecting C compiler ABI info - done
[0.205s] -- Check for working C compiler: /usr/bin/cc - skipped
[0.205s] -- Detecting C compile features
[0.206s] -- Detecting C compile features - done
[0.214s] -- Detecting CXX compiler ABI info
[0.299s] -- Detecting CXX compiler ABI info - done
[0.307s] -- Check for working CXX compiler: /usr/bin/c++ - skipped
[0.307s] -- Detecting CXX compile features
[0.307s] -- Detecting CXX compile features - done
[0.309s] -- Found ament_cmake: 2.5.4 (/opt/ros/jazzy/share/ament_cmake/cmake)
[0.430s] -- Found Python3: /usr/bin/python3 (found version "3.12.3") found components: Interpreter 
[0.490s] -- Override CMake install command with custom implementation using symlinks instead of copying resources
[0.515s] -- Found rclpy: 7.1.4 (/opt/ros/jazzy/share/rclpy/cmake)
[0.516s] -- Found geometry_msgs: 5.3.6 (/opt/ros/jazzy/share/geometry_msgs/cmake)
[0.549s] -- Found rosidl_generator_c: 4.6.5 (/opt/ros/jazzy/share/rosidl_generator_c/cmake)
[0.559s] -- Found rosidl_generator_cpp: 4.6.5 (/opt/ros/jazzy/share/rosidl_generator_cpp/cmake)
[0.572s] -- Using all available rosidl_typesupport_c: rosidl_typesupport_fastrtps_c;rosidl_typesupport_introspection_c
[0.586s] -- Using all available rosidl_typesupport_cpp: rosidl_typesupport_fastrtps_cpp;rosidl_typesupport_introspection_cpp
[0.625s] -- Found tf2_ros: 0.36.11 (/opt/ros/jazzy/share/tf2_ros/cmake)
[0.713s] -- Found rmw_implementation_cmake: 7.3.2 (/opt/ros/jazzy/share/rmw_implementation_cmake/cmake)
[0.715s] -- Found rmw_fastrtps_cpp: 8.4.2 (/opt/ros/jazzy/share/rmw_fastrtps_cpp/cmake)
[0.783s] -- Found OpenSSL: /usr/lib/x86_64-linux-gnu/libcrypto.so (found version "3.0.13")  
[0.800s] -- Found FastRTPS: /opt/ros/jazzy/include (Required is at least version "2.13") 
[0.821s] -- Using RMW implementation 'rmw_fastrtps_cpp' as default
[0.957s] -- Found robot_localization: 3.8.2 (/opt/ros/jazzy/share/robot_localization/cmake)
[1.030s] -- Found sensor_msgs: 5.3.6 (/opt/ros/jazzy/share/sensor_msgs/cmake)
[1.051s] -- Found ament_lint_auto: 0.17.2 (/opt/ros/jazzy/share/ament_lint_auto/cmake)
[1.146s] -- Added test 'copyright' to check source files copyright and LICENSE
[1.153s] -- Added test 'cppcheck' to perform static code analysis on C / C++ code
[1.154s] -- Configured cppcheck include dirs: 
[1.154s] -- Configured cppcheck exclude dirs and/or files: 
[1.161s] -- Added test 'cpplint' to check C / C++ code against the Google style
[1.161s] -- Configured cpplint exclude dirs and/or files: 
[1.162s] -- Added test 'flake8' to check Python code syntax and style conventions
[1.162s] -- Configured 'flake8' exclude dirs and/or files: 
[1.164s] -- Added test 'lint_cmake' to check CMake code style
[1.166s] -- Added test 'pep257' to check Python code against some of the docstring style conventions in PEP 257
[1.173s] -- Added test 'uncrustify' to check C / C++ code style
[1.173s] -- Configured uncrustify additional arguments: 
[1.175s] -- Added test 'xmllint' to check XML markup files
[1.176s] -- Configuring done (1.2s)
[1.182s] -- Generating done (0.0s)
[1.184s] -- Build files have been written to: /home/ali/the_final_boss/build/the_final_boss
[1.194s] Invoked command in '/home/ali/the_final_boss/build/the_final_boss' returned '0': CMAKE_PREFIX_PATH=${CMAKE_PREFIX_PATH}:/opt/ros/jazzy DEBUGINFOD_URLS=https://debuginfod.ubuntu.com /usr/bin/cmake /home/ali/the_final_boss -DAMENT_CMAKE_SYMLINK_INSTALL=1 -DCMAKE_INSTALL_PREFIX=/home/ali/the_final_boss/install/the_final_boss
[1.196s] Invoking command in '/home/ali/the_final_boss/build/the_final_boss': CMAKE_PREFIX_PATH=${CMAKE_PREFIX_PATH}:/opt/ros/jazzy DEBUGINFOD_URLS=https://debuginfod.ubuntu.com /usr/bin/cmake --build /home/ali/the_final_boss/build/the_final_boss -- -j12 -l12
[1.238s] Invoked command in '/home/ali/the_final_boss/build/the_final_boss' returned '0': CMAKE_PREFIX_PATH=${CMAKE_PREFIX_PATH}:/opt/ros/jazzy DEBUGINFOD_URLS=https://debuginfod.ubuntu.com /usr/bin/cmake --build /home/ali/the_final_boss/build/the_final_boss -- -j12 -l12
[1.247s] Invoking command in '/home/ali/the_final_boss/build/the_final_boss': CMAKE_PREFIX_PATH=${CMAKE_PREFIX_PATH}:/opt/ros/jazzy DEBUGINFOD_URLS=https://debuginfod.ubuntu.com /usr/bin/cmake --install /home/ali/the_final_boss/build/the_final_boss
[1.254s] -- Install configuration: ""
[1.254s] -- Execute custom install script
[1.254s] -- Symlinking: /home/ali/the_final_boss/install/the_final_boss/lib/the_final_boss/robot_pose_calculator.py
[1.262s] -- Symlinking: /home/ali/the_final_boss/install/the_final_boss/share/the_final_boss//launch/ekf_only.launch.py
[1.270s] -- Symlinking: /home/ali/the_final_boss/install/the_final_boss/share/the_final_boss//launch/pose_calculator_only.launch.py
[1.278s] -- Symlinking: /home/ali/the_final_boss/install/the_final_boss/share/the_final_boss//launch/robot_description_only.launch.py
[1.286s] -- Symlinking: /home/ali/the_final_boss/install/the_final_boss/share/the_final_boss//launch/robot_display.launch.py
[1.293s] -- Symlinking: /home/ali/the_final_boss/install/the_final_boss/share/the_final_boss//launch/robot_localization.launch.py
[1.302s] -- Symlinking: /home/ali/the_final_boss/install/the_final_boss/share/the_final_boss//urdf/robot.urdf.xacro
[1.312s] -- Symlinking: /home/ali/the_final_boss/install/the_final_boss/share/the_final_boss//config/ekf.yaml
[1.320s] -- Symlinking: /home/ali/the_final_boss/install/the_final_boss/share/ament_index/resource_index/package_run_dependencies/the_final_boss
[1.328s] -- Symlinking: /home/ali/the_final_boss/install/the_final_boss/share/ament_index/resource_index/parent_prefix_path/the_final_boss
[1.337s] -- Symlinking: /home/ali/the_final_boss/install/the_final_boss/share/the_final_boss/environment/ament_prefix_path.sh
[1.345s] -- Symlinking: /home/ali/the_final_boss/install/the_final_boss/share/the_final_boss/environment/ament_prefix_path.dsv
[1.353s] -- Symlinking: /home/ali/the_final_boss/install/the_final_boss/share/the_final_boss/environment/path.sh
[1.361s] -- Symlinking: /home/ali/the_final_boss/install/the_final_boss/share/the_final_boss/environment/path.dsv
[1.369s] -- Symlinking: /home/ali/the_final_boss/install/the_final_boss/share/the_final_boss/local_setup.bash
[1.377s] -- Symlinking: /home/ali/the_final_boss/install/the_final_boss/share/the_final_boss/local_setup.sh
[1.385s] -- Symlinking: /home/ali/the_final_boss/install/the_final_boss/share/the_final_boss/local_setup.zsh
[1.392s] -- Symlinking: /home/ali/the_final_boss/install/the_final_boss/share/the_final_boss/local_setup.dsv
[1.400s] -- Symlinking: /home/ali/the_final_boss/install/the_final_boss/share/the_final_boss/package.dsv
[1.410s] -- Symlinking: /home/ali/the_final_boss/install/the_final_boss/share/ament_index/resource_index/packages/the_final_boss
[1.418s] -- Symlinking: /home/ali/the_final_boss/install/the_final_boss/share/the_final_boss/cmake/the_final_bossConfig.cmake
[1.426s] -- Symlinking: /home/ali/the_final_boss/install/the_final_boss/share/the_final_boss/cmake/the_final_bossConfig-version.cmake
[1.434s] -- Symlinking: /home/ali/the_final_boss/install/the_final_boss/share/the_final_boss/package.xml
[1.443s] Invoked command in '/home/ali/the_final_boss/build/the_final_boss' returned '0': CMAKE_PREFIX_PATH=${CMAKE_PREFIX_PATH}:/opt/ros/jazzy DEBUGINFOD_URLS=https://debuginfod.ubuntu.com /usr/bin/cmake --install /home/ali/the_final_boss/build/the_final_boss
