[0.013s] Invoking command in '/home/ali/the_final_boss/build/the_final_boss': CMAKE_PREFIX_PATH=${CMAKE_PREFIX_PATH}:/opt/ros/jazzy DEBUGINFOD_URLS=https://debuginfod.ubuntu.com /usr/bin/cmake --build /home/ali/the_final_boss/build/the_final_boss -- -j12 -l12
[0.065s] Invoked command in '/home/ali/the_final_boss/build/the_final_boss' returned '0': CMAKE_PREFIX_PATH=${CMAKE_PREFIX_PATH}:/opt/ros/jazzy DEBUGINFOD_URLS=https://debuginfod.ubuntu.com /usr/bin/cmake --build /home/ali/the_final_boss/build/the_final_boss -- -j12 -l12
[0.076s] Invoking command in '/home/ali/the_final_boss/build/the_final_boss': CMAKE_PREFIX_PATH=${CMAKE_PREFIX_PATH}:/opt/ros/jazzy DEBUGINFOD_URLS=https://debuginfod.ubuntu.com /usr/bin/cmake --install /home/ali/the_final_boss/build/the_final_boss
[0.087s] -- Install configuration: ""
[0.088s] -- Execute custom install script
[0.088s] -- Up-to-date symlink: /home/ali/the_final_boss/install/the_final_boss/lib/the_final_boss/robot_pose_calculator.py
[0.088s] -- Up-to-date symlink: /home/ali/the_final_boss/install/the_final_boss/share/the_final_boss//launch/ekf_only.launch.py
[0.088s] -- Up-to-date symlink: /home/ali/the_final_boss/install/the_final_boss/share/the_final_boss//launch/pose_calculator_only.launch.py
[0.088s] -- Up-to-date symlink: /home/ali/the_final_boss/install/the_final_boss/share/the_final_boss//launch/robot_description_only.launch.py
[0.088s] -- Up-to-date symlink: /home/ali/the_final_boss/install/the_final_boss/share/the_final_boss//launch/robot_display.launch.py
[0.088s] -- Up-to-date symlink: /home/ali/the_final_boss/install/the_final_boss/share/the_final_boss//launch/robot_localization.launch.py
[0.088s] -- Up-to-date symlink: /home/ali/the_final_boss/install/the_final_boss/share/the_final_boss//urdf/robot.urdf.xacro
[0.089s] -- Up-to-date symlink: /home/ali/the_final_boss/install/the_final_boss/share/the_final_boss//config/ekf.yaml
[0.089s] -- Up-to-date symlink: /home/ali/the_final_boss/install/the_final_boss/share/ament_index/resource_index/package_run_dependencies/the_final_boss
[0.089s] -- Up-to-date symlink: /home/ali/the_final_boss/install/the_final_boss/share/ament_index/resource_index/parent_prefix_path/the_final_boss
[0.089s] -- Up-to-date symlink: /home/ali/the_final_boss/install/the_final_boss/share/the_final_boss/environment/ament_prefix_path.sh
[0.089s] -- Up-to-date symlink: /home/ali/the_final_boss/install/the_final_boss/share/the_final_boss/environment/ament_prefix_path.dsv
[0.089s] -- Up-to-date symlink: /home/ali/the_final_boss/install/the_final_boss/share/the_final_boss/environment/path.sh
[0.089s] -- Up-to-date symlink: /home/ali/the_final_boss/install/the_final_boss/share/the_final_boss/environment/path.dsv
[0.089s] -- Up-to-date symlink: /home/ali/the_final_boss/install/the_final_boss/share/the_final_boss/local_setup.bash
[0.089s] -- Up-to-date symlink: /home/ali/the_final_boss/install/the_final_boss/share/the_final_boss/local_setup.sh
[0.089s] -- Up-to-date symlink: /home/ali/the_final_boss/install/the_final_boss/share/the_final_boss/local_setup.zsh
[0.090s] -- Up-to-date symlink: /home/ali/the_final_boss/install/the_final_boss/share/the_final_boss/local_setup.dsv
[0.090s] -- Symlinking: /home/ali/the_final_boss/install/the_final_boss/share/the_final_boss/package.dsv
[0.099s] -- Up-to-date symlink: /home/ali/the_final_boss/install/the_final_boss/share/ament_index/resource_index/packages/the_final_boss
[0.100s] -- Up-to-date symlink: /home/ali/the_final_boss/install/the_final_boss/share/the_final_boss/cmake/the_final_bossConfig.cmake
[0.100s] -- Up-to-date symlink: /home/ali/the_final_boss/install/the_final_boss/share/the_final_boss/cmake/the_final_bossConfig-version.cmake
[0.100s] -- Up-to-date symlink: /home/ali/the_final_boss/install/the_final_boss/share/the_final_boss/package.xml
[0.102s] Invoked command in '/home/ali/the_final_boss/build/the_final_boss' returned '0': CMAKE_PREFIX_PATH=${CMAKE_PREFIX_PATH}:/opt/ros/jazzy DEBUGINFOD_URLS=https://debuginfod.ubuntu.com /usr/bin/cmake --install /home/ali/the_final_boss/build/the_final_boss
