[0.012s] Invoking command in '/home/ali/the_final_boss/build/the_final_boss': CMAKE_PREFIX_PATH=${CMAKE_PREFIX_PATH}:/opt/ros/jazzy DEBUGINFOD_URLS=https://debuginfod.ubuntu.com /usr/bin/cmake /home/ali/the_final_boss -DCMAKE_INSTALL_PREFIX=/home/ali/the_final_boss/install/the_final_boss
[0.024s] -- Found ament_cmake: 2.5.4 (/opt/ros/jazzy/share/ament_cmake/cmake)
[0.202s] -- Override CMake install command with custom implementation using symlinks instead of copying resources
[0.208s] -- Found rclpy: 7.1.4 (/opt/ros/jazzy/share/rclpy/cmake)
[0.208s] -- Found geometry_msgs: 5.3.6 (/opt/ros/jazzy/share/geometry_msgs/cmake)
[0.230s] -- Found rosidl_generator_c: 4.6.5 (/opt/ros/jazzy/share/rosidl_generator_c/cmake)
[0.237s] -- Found rosidl_generator_cpp: 4.6.5 (/opt/ros/jazzy/share/rosidl_generator_cpp/cmake)
[0.246s] -- Using all available rosidl_typesupport_c: rosidl_typesupport_fastrtps_c;rosidl_typesupport_introspection_c
[0.256s] -- Using all available rosidl_typesupport_cpp: rosidl_typesupport_fastrtps_cpp;rosidl_typesupport_introspection_cpp
[0.289s] -- Found tf2_ros: 0.36.11 (/opt/ros/jazzy/share/tf2_ros/cmake)
[0.358s] -- Found rmw_implementation_cmake: 7.3.2 (/opt/ros/jazzy/share/rmw_implementation_cmake/cmake)
[0.359s] -- Found rmw_fastrtps_cpp: 8.4.2 (/opt/ros/jazzy/share/rmw_fastrtps_cpp/cmake)
[0.416s] -- Using RMW implementation 'rmw_fastrtps_cpp' as default
[0.539s] -- Found robot_localization: 3.8.2 (/opt/ros/jazzy/share/robot_localization/cmake)
[0.610s] -- Found sensor_msgs: 5.3.6 (/opt/ros/jazzy/share/sensor_msgs/cmake)
[0.631s] -- Found ament_lint_auto: 0.17.2 (/opt/ros/jazzy/share/ament_lint_auto/cmake)
[0.717s] -- Added test 'copyright' to check source files copyright and LICENSE
[0.730s] -- Added test 'cppcheck' to perform static code analysis on C / C++ code
[0.730s] -- Configured cppcheck include dirs: 
[0.730s] -- Configured cppcheck exclude dirs and/or files: 
[0.743s] -- Added test 'cpplint' to check C / C++ code against the Google style
[0.743s] -- Configured cpplint exclude dirs and/or files: 
[0.745s] -- Added test 'flake8' to check Python code syntax and style conventions
[0.745s] -- Configured 'flake8' exclude dirs and/or files: 
[0.748s] -- Added test 'lint_cmake' to check CMake code style
[0.750s] -- Added test 'pep257' to check Python code against some of the docstring style conventions in PEP 257
[0.763s] -- Added test 'uncrustify' to check C / C++ code style
[0.763s] -- Configured uncrustify additional arguments: 
[0.764s] -- Added test 'xmllint' to check XML markup files
[0.765s] -- Configuring done (0.7s)
[0.771s] -- Generating done (0.0s)
[0.773s] -- Build files have been written to: /home/ali/the_final_boss/build/the_final_boss
[0.781s] Invoked command in '/home/ali/the_final_boss/build/the_final_boss' returned '0': CMAKE_PREFIX_PATH=${CMAKE_PREFIX_PATH}:/opt/ros/jazzy DEBUGINFOD_URLS=https://debuginfod.ubuntu.com /usr/bin/cmake /home/ali/the_final_boss -DCMAKE_INSTALL_PREFIX=/home/ali/the_final_boss/install/the_final_boss
[0.782s] Invoking command in '/home/ali/the_final_boss/build/the_final_boss': CMAKE_PREFIX_PATH=${CMAKE_PREFIX_PATH}:/opt/ros/jazzy DEBUGINFOD_URLS=https://debuginfod.ubuntu.com /usr/bin/cmake --build /home/ali/the_final_boss/build/the_final_boss -- -j12 -l12
[0.822s] Invoked command in '/home/ali/the_final_boss/build/the_final_boss' returned '0': CMAKE_PREFIX_PATH=${CMAKE_PREFIX_PATH}:/opt/ros/jazzy DEBUGINFOD_URLS=https://debuginfod.ubuntu.com /usr/bin/cmake --build /home/ali/the_final_boss/build/the_final_boss -- -j12 -l12
[0.832s] Invoking command in '/home/ali/the_final_boss/build/the_final_boss': CMAKE_PREFIX_PATH=${CMAKE_PREFIX_PATH}:/opt/ros/jazzy DEBUGINFOD_URLS=https://debuginfod.ubuntu.com /usr/bin/cmake --install /home/ali/the_final_boss/build/the_final_boss
[0.839s] -- Install configuration: ""
[0.840s] -- Execute custom install script
[0.840s] -- Up-to-date symlink: /home/ali/the_final_boss/install/the_final_boss/lib/the_final_boss/robot_pose_calculator.py
[0.840s] -- Up-to-date symlink: /home/ali/the_final_boss/install/the_final_boss/share/the_final_boss//launch/ekf_only.launch.py
[0.840s] -- Up-to-date symlink: /home/ali/the_final_boss/install/the_final_boss/share/the_final_boss//launch/pose_calculator_only.launch.py
[0.840s] -- Up-to-date symlink: /home/ali/the_final_boss/install/the_final_boss/share/the_final_boss//launch/robot_description_only.launch.py
[0.841s] -- Up-to-date symlink: /home/ali/the_final_boss/install/the_final_boss/share/the_final_boss//launch/robot_display.launch.py
[0.841s] -- Up-to-date symlink: /home/ali/the_final_boss/install/the_final_boss/share/the_final_boss//launch/robot_localization.launch.py
[0.841s] -- Up-to-date symlink: /home/ali/the_final_boss/install/the_final_boss/share/the_final_boss//urdf/robot.urdf.xacro
[0.841s] -- Up-to-date symlink: /home/ali/the_final_boss/install/the_final_boss/share/the_final_boss//config/ekf.yaml
[0.841s] -- Up-to-date symlink: /home/ali/the_final_boss/install/the_final_boss/share/ament_index/resource_index/package_run_dependencies/the_final_boss
[0.841s] -- Up-to-date symlink: /home/ali/the_final_boss/install/the_final_boss/share/ament_index/resource_index/parent_prefix_path/the_final_boss
[0.841s] -- Up-to-date symlink: /home/ali/the_final_boss/install/the_final_boss/share/the_final_boss/environment/ament_prefix_path.sh
[0.841s] -- Up-to-date symlink: /home/ali/the_final_boss/install/the_final_boss/share/the_final_boss/environment/ament_prefix_path.dsv
[0.842s] -- Up-to-date symlink: /home/ali/the_final_boss/install/the_final_boss/share/the_final_boss/environment/path.sh
[0.842s] -- Up-to-date symlink: /home/ali/the_final_boss/install/the_final_boss/share/the_final_boss/environment/path.dsv
[0.842s] -- Up-to-date symlink: /home/ali/the_final_boss/install/the_final_boss/share/the_final_boss/local_setup.bash
[0.842s] -- Up-to-date symlink: /home/ali/the_final_boss/install/the_final_boss/share/the_final_boss/local_setup.sh
[0.842s] -- Up-to-date symlink: /home/ali/the_final_boss/install/the_final_boss/share/the_final_boss/local_setup.zsh
[0.842s] -- Up-to-date symlink: /home/ali/the_final_boss/install/the_final_boss/share/the_final_boss/local_setup.dsv
[0.842s] -- Symlinking: /home/ali/the_final_boss/install/the_final_boss/share/the_final_boss/package.dsv
[0.851s] -- Up-to-date symlink: /home/ali/the_final_boss/install/the_final_boss/share/ament_index/resource_index/packages/the_final_boss
[0.852s] -- Up-to-date symlink: /home/ali/the_final_boss/install/the_final_boss/share/the_final_boss/cmake/the_final_bossConfig.cmake
[0.852s] -- Up-to-date symlink: /home/ali/the_final_boss/install/the_final_boss/share/the_final_boss/cmake/the_final_bossConfig-version.cmake
[0.852s] -- Up-to-date symlink: /home/ali/the_final_boss/install/the_final_boss/share/the_final_boss/package.xml
[0.853s] Invoked command in '/home/ali/the_final_boss/build/the_final_boss' returned '0': CMAKE_PREFIX_PATH=${CMAKE_PREFIX_PATH}:/opt/ros/jazzy DEBUGINFOD_URLS=https://debuginfod.ubuntu.com /usr/bin/cmake --install /home/ali/the_final_boss/build/the_final_boss
